<?xml version="1.0" encoding="UTF-8"?>
<testsuite xmlns:xsi="http://www.w3.org/2001/XMLSchema-instance" xsi:noNamespaceSchemaLocation="https://maven.apache.org/surefire/maven-surefire-plugin/xsd/surefire-test-report.xsd" name="com.zero.demo.SpringBootDemoApplicationTest" time="2.623" tests="1" errors="1" skipped="0" failures="0">
  <properties>
    <property name="sun.desktop" value="gnome"/>
    <property name="awt.toolkit" value="sun.awt.X11.XToolkit"/>
    <property name="java.specification.version" value="11"/>
    <property name="sun.cpu.isalist" value=""/>
    <property name="sun.jnu.encoding" value="UTF-8"/>
    <property name="java.class.path" value="/home/zero/code/git/springBootDemo/target/test-classes:/home/zero/code/git/springBootDemo/target/classes:/home/zero/project/repository/org/springframework/boot/spring-boot-starter/2.1.9.RELEASE/spring-boot-starter-2.1.9.RELEASE.jar:/home/zero/project/repository/org/springframework/boot/spring-boot/2.1.9.RELEASE/spring-boot-2.1.9.RELEASE.jar:/home/zero/project/repository/org/springframework/boot/spring-boot-autoconfigure/2.1.9.RELEASE/spring-boot-autoconfigure-2.1.9.RELEASE.jar:/home/zero/project/repository/org/springframework/boot/spring-boot-starter-logging/2.1.9.RELEASE/spring-boot-starter-logging-2.1.9.RELEASE.jar:/home/zero/project/repository/ch/qos/logback/logback-classic/1.2.3/logback-classic-1.2.3.jar:/home/zero/project/repository/ch/qos/logback/logback-core/1.2.3/logback-core-1.2.3.jar:/home/zero/project/repository/org/apache/logging/log4j/log4j-to-slf4j/2.11.2/log4j-to-slf4j-2.11.2.jar:/home/zero/project/repository/org/apache/logging/log4j/log4j-api/2.11.2/log4j-api-2.11.2.jar:/home/zero/project/repository/org/slf4j/jul-to-slf4j/1.7.28/jul-to-slf4j-1.7.28.jar:/home/zero/project/repository/javax/annotation/javax.annotation-api/1.3.2/javax.annotation-api-1.3.2.jar:/home/zero/project/repository/org/springframework/spring-core/5.1.10.RELEASE/spring-core-5.1.10.RELEASE.jar:/home/zero/project/repository/org/springframework/spring-jcl/5.1.10.RELEASE/spring-jcl-5.1.10.RELEASE.jar:/home/zero/project/repository/org/yaml/snakeyaml/1.23/snakeyaml-1.23.jar:/home/zero/project/repository/org/mybatis/spring/boot/mybatis-spring-boot-starter/2.1.1/mybatis-spring-boot-starter-2.1.1.jar:/home/zero/project/repository/org/springframework/boot/spring-boot-starter-jdbc/2.1.9.RELEASE/spring-boot-starter-jdbc-2.1.9.RELEASE.jar:/home/zero/project/repository/com/zaxxer/HikariCP/3.2.0/HikariCP-3.2.0.jar:/home/zero/project/repository/org/springframework/spring-jdbc/5.1.10.RELEASE/spring-jdbc-5.1.10.RELEASE.jar:/home/zero/project/repository/org/mybatis/spring/boot/mybatis-spring-boot-autoconfigure/2.1.1/mybatis-spring-boot-autoconfigure-2.1.1.jar:/home/zero/project/repository/org/mybatis/mybatis/3.5.3/mybatis-3.5.3.jar:/home/zero/project/repository/org/mybatis/mybatis-spring/2.0.3/mybatis-spring-2.0.3.jar:/home/zero/project/repository/mysql/mysql-connector-java/5.1.47/mysql-connector-java-5.1.47.jar:/home/zero/project/repository/org/springframework/boot/spring-boot-starter-test/2.1.9.RELEASE/spring-boot-starter-test-2.1.9.RELEASE.jar:/home/zero/project/repository/org/springframework/boot/spring-boot-test/2.1.9.RELEASE/spring-boot-test-2.1.9.RELEASE.jar:/home/zero/project/repository/org/springframework/boot/spring-boot-test-autoconfigure/2.1.9.RELEASE/spring-boot-test-autoconfigure-2.1.9.RELEASE.jar:/home/zero/project/repository/com/jayway/jsonpath/json-path/2.4.0/json-path-2.4.0.jar:/home/zero/project/repository/net/minidev/json-smart/2.3/json-smart-2.3.jar:/home/zero/project/repository/net/minidev/accessors-smart/1.2/accessors-smart-1.2.jar:/home/zero/project/repository/org/ow2/asm/asm/5.0.4/asm-5.0.4.jar:/home/zero/project/repository/org/slf4j/slf4j-api/1.7.28/slf4j-api-1.7.28.jar:/home/zero/project/repository/junit/junit/4.12/junit-4.12.jar:/home/zero/project/repository/org/assertj/assertj-core/3.11.1/assertj-core-3.11.1.jar:/home/zero/project/repository/org/mockito/mockito-core/2.23.4/mockito-core-2.23.4.jar:/home/zero/project/repository/net/bytebuddy/byte-buddy/1.9.16/byte-buddy-1.9.16.jar:/home/zero/project/repository/net/bytebuddy/byte-buddy-agent/1.9.16/byte-buddy-agent-1.9.16.jar:/home/zero/project/repository/org/objenesis/objenesis/2.6/objenesis-2.6.jar:/home/zero/project/repository/org/hamcrest/hamcrest-core/1.3/hamcrest-core-1.3.jar:/home/zero/project/repository/org/hamcrest/hamcrest-library/1.3/hamcrest-library-1.3.jar:/home/zero/project/repository/org/skyscreamer/jsonassert/1.5.0/jsonassert-1.5.0.jar:/home/zero/project/repository/com/vaadin/external/google/android-json/0.0.20131108.vaadin1/android-json-0.0.20131108.vaadin1.jar:/home/zero/project/repository/org/springframework/spring-test/5.1.10.RELEASE/spring-test-5.1.10.RELEASE.jar:/home/zero/project/repository/org/xmlunit/xmlunit-core/2.6.3/xmlunit-core-2.6.3.jar:/home/zero/project/repository/javax/xml/bind/jaxb-api/2.3.1/jaxb-api-2.3.1.jar:/home/zero/project/repository/javax/activation/javax.activation-api/1.2.0/javax.activation-api-1.2.0.jar:/home/zero/project/repository/org/springframework/boot/spring-boot-starter-web/2.1.9.RELEASE/spring-boot-starter-web-2.1.9.RELEASE.jar:/home/zero/project/repository/org/springframework/boot/spring-boot-starter-json/2.1.9.RELEASE/spring-boot-starter-json-2.1.9.RELEASE.jar:/home/zero/project/repository/com/fasterxml/jackson/datatype/jackson-datatype-jdk8/2.9.9/jackson-datatype-jdk8-2.9.9.jar:/home/zero/project/repository/com/fasterxml/jackson/datatype/jackson-datatype-jsr310/2.9.9/jackson-datatype-jsr310-2.9.9.jar:/home/zero/project/repository/com/fasterxml/jackson/module/jackson-module-parameter-names/2.9.9/jackson-module-parameter-names-2.9.9.jar:/home/zero/project/repository/org/springframework/boot/spring-boot-starter-tomcat/2.1.9.RELEASE/spring-boot-starter-tomcat-2.1.9.RELEASE.jar:/home/zero/project/repository/org/apache/tomcat/embed/tomcat-embed-core/9.0.26/tomcat-embed-core-9.0.26.jar:/home/zero/project/repository/org/apache/tomcat/embed/tomcat-embed-el/9.0.26/tomcat-embed-el-9.0.26.jar:/home/zero/project/repository/org/apache/tomcat/embed/tomcat-embed-websocket/9.0.26/tomcat-embed-websocket-9.0.26.jar:/home/zero/project/repository/org/hibernate/validator/hibernate-validator/6.0.17.Final/hibernate-validator-6.0.17.Final.jar:/home/zero/project/repository/javax/validation/validation-api/2.0.1.Final/validation-api-2.0.1.Final.jar:/home/zero/project/repository/org/jboss/logging/jboss-logging/3.3.3.Final/jboss-logging-3.3.3.Final.jar:/home/zero/project/repository/com/fasterxml/classmate/1.4.0/classmate-1.4.0.jar:/home/zero/project/repository/org/springframework/spring-web/5.1.10.RELEASE/spring-web-5.1.10.RELEASE.jar:/home/zero/project/repository/org/springframework/spring-beans/5.1.10.RELEASE/spring-beans-5.1.10.RELEASE.jar:/home/zero/project/repository/org/springframework/spring-webmvc/5.1.10.RELEASE/spring-webmvc-5.1.10.RELEASE.jar:/home/zero/project/repository/org/springframework/spring-aop/5.1.10.RELEASE/spring-aop-5.1.10.RELEASE.jar:/home/zero/project/repository/org/springframework/spring-expression/5.1.10.RELEASE/spring-expression-5.1.10.RELEASE.jar:/home/zero/project/repository/org/apache/commons/commons-lang3/3.9/commons-lang3-3.9.jar:/home/zero/project/repository/com/fasterxml/jackson/module/jackson-module-kotlin/2.9.9/jackson-module-kotlin-2.9.9.jar:/home/zero/project/repository/com/fasterxml/jackson/core/jackson-annotations/2.9.0/jackson-annotations-2.9.0.jar:/home/zero/project/repository/org/jetbrains/kotlin/kotlin-reflect/1.2.71/kotlin-reflect-1.2.71.jar:/home/zero/project/repository/org/jetbrains/kotlin/kotlin-stdlib/1.2.71/kotlin-stdlib-1.2.71.jar:/home/zero/project/repository/org/jetbrains/kotlin/kotlin-stdlib-common/1.2.71/kotlin-stdlib-common-1.2.71.jar:/home/zero/project/repository/org/jetbrains/annotations/13.0/annotations-13.0.jar:/home/zero/project/repository/com/fasterxml/jackson/module/jackson-module-paranamer/2.9.9/jackson-module-paranamer-2.9.9.jar:/home/zero/project/repository/com/thoughtworks/paranamer/paranamer/2.8/paranamer-2.8.jar:/home/zero/project/repository/com/fasterxml/jackson/datatype/jackson-datatype-guava/2.9.9/jackson-datatype-guava-2.9.9.jar:/home/zero/project/repository/com/google/guava/guava/18.0/guava-18.0.jar:/home/zero/project/repository/com/fasterxml/jackson/core/jackson-core/2.9.9/jackson-core-2.9.9.jar:/home/zero/project/repository/com/fasterxml/jackson/core/jackson-databind/2.9.9/jackson-databind-2.9.9.jar:/home/zero/project/repository/org/projectlombok/lombok/1.18.12/lombok-1.18.12.jar:/home/zero/project/repository/org/apache/curator/curator-framework/4.3.0/curator-framework-4.3.0.jar:/home/zero/project/repository/org/apache/curator/curator-client/4.3.0/curator-client-4.3.0.jar:/home/zero/project/repository/org/apache/zookeeper/zookeeper/3.5.7/zookeeper-3.5.7.jar:/home/zero/project/repository/org/apache/zookeeper/zookeeper-jute/3.5.7/zookeeper-jute-3.5.7.jar:/home/zero/project/repository/org/apache/yetus/audience-annotations/0.5.0/audience-annotations-0.5.0.jar:/home/zero/project/repository/io/netty/netty-handler/4.1.39.Final/netty-handler-4.1.39.Final.jar:/home/zero/project/repository/io/netty/netty-common/4.1.39.Final/netty-common-4.1.39.Final.jar:/home/zero/project/repository/io/netty/netty-buffer/4.1.39.Final/netty-buffer-4.1.39.Final.jar:/home/zero/project/repository/io/netty/netty-transport/4.1.39.Final/netty-transport-4.1.39.Final.jar:/home/zero/project/repository/io/netty/netty-resolver/4.1.39.Final/netty-resolver-4.1.39.Final.jar:/home/zero/project/repository/io/netty/netty-codec/4.1.39.Final/netty-codec-4.1.39.Final.jar:/home/zero/project/repository/io/netty/netty-transport-native-epoll/4.1.39.Final/netty-transport-native-epoll-4.1.39.Final.jar:/home/zero/project/repository/io/netty/netty-transport-native-unix-common/4.1.39.Final/netty-transport-native-unix-common-4.1.39.Final.jar:/home/zero/project/repository/log4j/log4j/1.2.17/log4j-1.2.17.jar:/home/zero/project/repository/org/apache/curator/curator-recipes/4.3.0/curator-recipes-4.3.0.jar:/home/zero/project/repository/org/springframework/kafka/spring-kafka/2.4.5.RELEASE/spring-kafka-2.4.5.RELEASE.jar:/home/zero/project/repository/org/apache/kafka/kafka-clients/2.0.1/kafka-clients-2.0.1.jar:/home/zero/project/repository/org/lz4/lz4-java/1.4.1/lz4-java-1.4.1.jar:/home/zero/project/repository/org/xerial/snappy/snappy-java/1.1.7.1/snappy-java-1.1.7.1.jar:/home/zero/project/repository/org/springframework/retry/spring-retry/1.2.4.RELEASE/spring-retry-1.2.4.RELEASE.jar:/home/zero/project/repository/org/springframework/spring-context/5.1.10.RELEASE/spring-context-5.1.10.RELEASE.jar:/home/zero/project/repository/org/springframework/spring-messaging/5.1.10.RELEASE/spring-messaging-5.1.10.RELEASE.jar:/home/zero/project/repository/org/springframework/spring-tx/5.1.10.RELEASE/spring-tx-5.1.10.RELEASE.jar:"/>
    <property name="java.vm.vendor" value="Oracle Corporation"/>
    <property name="sun.arch.data.model" value="64"/>
    <property name="java.vendor.url" value="http://java.oracle.com/"/>
    <property name="user.timezone" value=""/>
    <property name="java.vm.specification.version" value="11"/>
    <property name="os.name" value="Linux"/>
    <property name="sun.java.launcher" value="SUN_STANDARD"/>
    <property name="user.country" value="CN"/>
    <property name="sun.boot.library.path" value="/home/zero/tool/jdk/11/lib"/>
    <property name="sun.java.command" value="/home/zero/code/git/springBootDemo/target/surefire/surefirebooter6477757446342307893.jar /home/zero/code/git/springBootDemo/target/surefire 2020-04-23T11-52-43_486-jvmRun1 surefire15467240984330181488tmp surefire_07334774316851699727tmp"/>
    <property name="jdk.debug" value="release"/>
    <property name="surefire.test.class.path" value="/home/zero/code/git/springBootDemo/target/test-classes:/home/zero/code/git/springBootDemo/target/classes:/home/zero/project/repository/org/springframework/boot/spring-boot-starter/2.1.9.RELEASE/spring-boot-starter-2.1.9.RELEASE.jar:/home/zero/project/repository/org/springframework/boot/spring-boot/2.1.9.RELEASE/spring-boot-2.1.9.RELEASE.jar:/home/zero/project/repository/org/springframework/boot/spring-boot-autoconfigure/2.1.9.RELEASE/spring-boot-autoconfigure-2.1.9.RELEASE.jar:/home/zero/project/repository/org/springframework/boot/spring-boot-starter-logging/2.1.9.RELEASE/spring-boot-starter-logging-2.1.9.RELEASE.jar:/home/zero/project/repository/ch/qos/logback/logback-classic/1.2.3/logback-classic-1.2.3.jar:/home/zero/project/repository/ch/qos/logback/logback-core/1.2.3/logback-core-1.2.3.jar:/home/zero/project/repository/org/apache/logging/log4j/log4j-to-slf4j/2.11.2/log4j-to-slf4j-2.11.2.jar:/home/zero/project/repository/org/apache/logging/log4j/log4j-api/2.11.2/log4j-api-2.11.2.jar:/home/zero/project/repository/org/slf4j/jul-to-slf4j/1.7.28/jul-to-slf4j-1.7.28.jar:/home/zero/project/repository/javax/annotation/javax.annotation-api/1.3.2/javax.annotation-api-1.3.2.jar:/home/zero/project/repository/org/springframework/spring-core/5.1.10.RELEASE/spring-core-5.1.10.RELEASE.jar:/home/zero/project/repository/org/springframework/spring-jcl/5.1.10.RELEASE/spring-jcl-5.1.10.RELEASE.jar:/home/zero/project/repository/org/yaml/snakeyaml/1.23/snakeyaml-1.23.jar:/home/zero/project/repository/org/mybatis/spring/boot/mybatis-spring-boot-starter/2.1.1/mybatis-spring-boot-starter-2.1.1.jar:/home/zero/project/repository/org/springframework/boot/spring-boot-starter-jdbc/2.1.9.RELEASE/spring-boot-starter-jdbc-2.1.9.RELEASE.jar:/home/zero/project/repository/com/zaxxer/HikariCP/3.2.0/HikariCP-3.2.0.jar:/home/zero/project/repository/org/springframework/spring-jdbc/5.1.10.RELEASE/spring-jdbc-5.1.10.RELEASE.jar:/home/zero/project/repository/org/mybatis/spring/boot/mybatis-spring-boot-autoconfigure/2.1.1/mybatis-spring-boot-autoconfigure-2.1.1.jar:/home/zero/project/repository/org/mybatis/mybatis/3.5.3/mybatis-3.5.3.jar:/home/zero/project/repository/org/mybatis/mybatis-spring/2.0.3/mybatis-spring-2.0.3.jar:/home/zero/project/repository/mysql/mysql-connector-java/5.1.47/mysql-connector-java-5.1.47.jar:/home/zero/project/repository/org/springframework/boot/spring-boot-starter-test/2.1.9.RELEASE/spring-boot-starter-test-2.1.9.RELEASE.jar:/home/zero/project/repository/org/springframework/boot/spring-boot-test/2.1.9.RELEASE/spring-boot-test-2.1.9.RELEASE.jar:/home/zero/project/repository/org/springframework/boot/spring-boot-test-autoconfigure/2.1.9.RELEASE/spring-boot-test-autoconfigure-2.1.9.RELEASE.jar:/home/zero/project/repository/com/jayway/jsonpath/json-path/2.4.0/json-path-2.4.0.jar:/home/zero/project/repository/net/minidev/json-smart/2.3/json-smart-2.3.jar:/home/zero/project/repository/net/minidev/accessors-smart/1.2/accessors-smart-1.2.jar:/home/zero/project/repository/org/ow2/asm/asm/5.0.4/asm-5.0.4.jar:/home/zero/project/repository/org/slf4j/slf4j-api/1.7.28/slf4j-api-1.7.28.jar:/home/zero/project/repository/junit/junit/4.12/junit-4.12.jar:/home/zero/project/repository/org/assertj/assertj-core/3.11.1/assertj-core-3.11.1.jar:/home/zero/project/repository/org/mockito/mockito-core/2.23.4/mockito-core-2.23.4.jar:/home/zero/project/repository/net/bytebuddy/byte-buddy/1.9.16/byte-buddy-1.9.16.jar:/home/zero/project/repository/net/bytebuddy/byte-buddy-agent/1.9.16/byte-buddy-agent-1.9.16.jar:/home/zero/project/repository/org/objenesis/objenesis/2.6/objenesis-2.6.jar:/home/zero/project/repository/org/hamcrest/hamcrest-core/1.3/hamcrest-core-1.3.jar:/home/zero/project/repository/org/hamcrest/hamcrest-library/1.3/hamcrest-library-1.3.jar:/home/zero/project/repository/org/skyscreamer/jsonassert/1.5.0/jsonassert-1.5.0.jar:/home/zero/project/repository/com/vaadin/external/google/android-json/0.0.20131108.vaadin1/android-json-0.0.20131108.vaadin1.jar:/home/zero/project/repository/org/springframework/spring-test/5.1.10.RELEASE/spring-test-5.1.10.RELEASE.jar:/home/zero/project/repository/org/xmlunit/xmlunit-core/2.6.3/xmlunit-core-2.6.3.jar:/home/zero/project/repository/javax/xml/bind/jaxb-api/2.3.1/jaxb-api-2.3.1.jar:/home/zero/project/repository/javax/activation/javax.activation-api/1.2.0/javax.activation-api-1.2.0.jar:/home/zero/project/repository/org/springframework/boot/spring-boot-starter-web/2.1.9.RELEASE/spring-boot-starter-web-2.1.9.RELEASE.jar:/home/zero/project/repository/org/springframework/boot/spring-boot-starter-json/2.1.9.RELEASE/spring-boot-starter-json-2.1.9.RELEASE.jar:/home/zero/project/repository/com/fasterxml/jackson/datatype/jackson-datatype-jdk8/2.9.9/jackson-datatype-jdk8-2.9.9.jar:/home/zero/project/repository/com/fasterxml/jackson/datatype/jackson-datatype-jsr310/2.9.9/jackson-datatype-jsr310-2.9.9.jar:/home/zero/project/repository/com/fasterxml/jackson/module/jackson-module-parameter-names/2.9.9/jackson-module-parameter-names-2.9.9.jar:/home/zero/project/repository/org/springframework/boot/spring-boot-starter-tomcat/2.1.9.RELEASE/spring-boot-starter-tomcat-2.1.9.RELEASE.jar:/home/zero/project/repository/org/apache/tomcat/embed/tomcat-embed-core/9.0.26/tomcat-embed-core-9.0.26.jar:/home/zero/project/repository/org/apache/tomcat/embed/tomcat-embed-el/9.0.26/tomcat-embed-el-9.0.26.jar:/home/zero/project/repository/org/apache/tomcat/embed/tomcat-embed-websocket/9.0.26/tomcat-embed-websocket-9.0.26.jar:/home/zero/project/repository/org/hibernate/validator/hibernate-validator/6.0.17.Final/hibernate-validator-6.0.17.Final.jar:/home/zero/project/repository/javax/validation/validation-api/2.0.1.Final/validation-api-2.0.1.Final.jar:/home/zero/project/repository/org/jboss/logging/jboss-logging/3.3.3.Final/jboss-logging-3.3.3.Final.jar:/home/zero/project/repository/com/fasterxml/classmate/1.4.0/classmate-1.4.0.jar:/home/zero/project/repository/org/springframework/spring-web/5.1.10.RELEASE/spring-web-5.1.10.RELEASE.jar:/home/zero/project/repository/org/springframework/spring-beans/5.1.10.RELEASE/spring-beans-5.1.10.RELEASE.jar:/home/zero/project/repository/org/springframework/spring-webmvc/5.1.10.RELEASE/spring-webmvc-5.1.10.RELEASE.jar:/home/zero/project/repository/org/springframework/spring-aop/5.1.10.RELEASE/spring-aop-5.1.10.RELEASE.jar:/home/zero/project/repository/org/springframework/spring-expression/5.1.10.RELEASE/spring-expression-5.1.10.RELEASE.jar:/home/zero/project/repository/org/apache/commons/commons-lang3/3.9/commons-lang3-3.9.jar:/home/zero/project/repository/com/fasterxml/jackson/module/jackson-module-kotlin/2.9.9/jackson-module-kotlin-2.9.9.jar:/home/zero/project/repository/com/fasterxml/jackson/core/jackson-annotations/2.9.0/jackson-annotations-2.9.0.jar:/home/zero/project/repository/org/jetbrains/kotlin/kotlin-reflect/1.2.71/kotlin-reflect-1.2.71.jar:/home/zero/project/repository/org/jetbrains/kotlin/kotlin-stdlib/1.2.71/kotlin-stdlib-1.2.71.jar:/home/zero/project/repository/org/jetbrains/kotlin/kotlin-stdlib-common/1.2.71/kotlin-stdlib-common-1.2.71.jar:/home/zero/project/repository/org/jetbrains/annotations/13.0/annotations-13.0.jar:/home/zero/project/repository/com/fasterxml/jackson/module/jackson-module-paranamer/2.9.9/jackson-module-paranamer-2.9.9.jar:/home/zero/project/repository/com/thoughtworks/paranamer/paranamer/2.8/paranamer-2.8.jar:/home/zero/project/repository/com/fasterxml/jackson/datatype/jackson-datatype-guava/2.9.9/jackson-datatype-guava-2.9.9.jar:/home/zero/project/repository/com/google/guava/guava/18.0/guava-18.0.jar:/home/zero/project/repository/com/fasterxml/jackson/core/jackson-core/2.9.9/jackson-core-2.9.9.jar:/home/zero/project/repository/com/fasterxml/jackson/core/jackson-databind/2.9.9/jackson-databind-2.9.9.jar:/home/zero/project/repository/org/projectlombok/lombok/1.18.12/lombok-1.18.12.jar:/home/zero/project/repository/org/apache/curator/curator-framework/4.3.0/curator-framework-4.3.0.jar:/home/zero/project/repository/org/apache/curator/curator-client/4.3.0/curator-client-4.3.0.jar:/home/zero/project/repository/org/apache/zookeeper/zookeeper/3.5.7/zookeeper-3.5.7.jar:/home/zero/project/repository/org/apache/zookeeper/zookeeper-jute/3.5.7/zookeeper-jute-3.5.7.jar:/home/zero/project/repository/org/apache/yetus/audience-annotations/0.5.0/audience-annotations-0.5.0.jar:/home/zero/project/repository/io/netty/netty-handler/4.1.39.Final/netty-handler-4.1.39.Final.jar:/home/zero/project/repository/io/netty/netty-common/4.1.39.Final/netty-common-4.1.39.Final.jar:/home/zero/project/repository/io/netty/netty-buffer/4.1.39.Final/netty-buffer-4.1.39.Final.jar:/home/zero/project/repository/io/netty/netty-transport/4.1.39.Final/netty-transport-4.1.39.Final.jar:/home/zero/project/repository/io/netty/netty-resolver/4.1.39.Final/netty-resolver-4.1.39.Final.jar:/home/zero/project/repository/io/netty/netty-codec/4.1.39.Final/netty-codec-4.1.39.Final.jar:/home/zero/project/repository/io/netty/netty-transport-native-epoll/4.1.39.Final/netty-transport-native-epoll-4.1.39.Final.jar:/home/zero/project/repository/io/netty/netty-transport-native-unix-common/4.1.39.Final/netty-transport-native-unix-common-4.1.39.Final.jar:/home/zero/project/repository/log4j/log4j/1.2.17/log4j-1.2.17.jar:/home/zero/project/repository/org/apache/curator/curator-recipes/4.3.0/curator-recipes-4.3.0.jar:/home/zero/project/repository/org/springframework/kafka/spring-kafka/2.4.5.RELEASE/spring-kafka-2.4.5.RELEASE.jar:/home/zero/project/repository/org/apache/kafka/kafka-clients/2.0.1/kafka-clients-2.0.1.jar:/home/zero/project/repository/org/lz4/lz4-java/1.4.1/lz4-java-1.4.1.jar:/home/zero/project/repository/org/xerial/snappy/snappy-java/1.1.7.1/snappy-java-1.1.7.1.jar:/home/zero/project/repository/org/springframework/retry/spring-retry/1.2.4.RELEASE/spring-retry-1.2.4.RELEASE.jar:/home/zero/project/repository/org/springframework/spring-context/5.1.10.RELEASE/spring-context-5.1.10.RELEASE.jar:/home/zero/project/repository/org/springframework/spring-messaging/5.1.10.RELEASE/spring-messaging-5.1.10.RELEASE.jar:/home/zero/project/repository/org/springframework/spring-tx/5.1.10.RELEASE/spring-tx-5.1.10.RELEASE.jar:"/>
    <property name="sun.cpu.endian" value="little"/>
    <property name="user.home" value="/home/zero"/>
    <property name="user.language" value="zh"/>
    <property name="java.specification.vendor" value="Oracle Corporation"/>
    <property name="java.version.date" value="2018-09-25"/>
    <property name="java.home" value="/home/zero/tool/jdk/11"/>
    <property name="file.separator" value="/"/>
    <property name="basedir" value="/home/zero/code/git/springBootDemo"/>
    <property name="java.vm.compressedOopsMode" value="32-bit"/>
    <property name="line.separator" value="&#10;"/>
    <property name="java.specification.name" value="Java Platform API Specification"/>
    <property name="java.vm.specification.vendor" value="Oracle Corporation"/>
    <property name="java.awt.graphicsenv" value="sun.awt.X11GraphicsEnvironment"/>
    <property name="surefire.real.class.path" value="/home/zero/code/git/springBootDemo/target/surefire/surefirebooter6477757446342307893.jar"/>
    <property name="sun.management.compiler" value="HotSpot 64-Bit Tiered Compilers"/>
    <property name="java.runtime.version" value="11+28"/>
    <property name="user.name" value="zero"/>
    <property name="path.separator" value=":"/>
    <property name="os.version" value="5.3.0-47-generic"/>
    <property name="java.runtime.name" value="OpenJDK Runtime Environment"/>
    <property name="file.encoding" value="UTF-8"/>
    <property name="java.vm.name" value="OpenJDK 64-Bit Server VM"/>
    <property name="java.vendor.version" value="18.9"/>
    <property name="localRepository" value="/home/zero/project/repository"/>
    <property name="java.vendor.url.bug" value="http://bugreport.java.com/bugreport/"/>
    <property name="java.io.tmpdir" value="/tmp"/>
    <property name="java.version" value="11"/>
    <property name="user.dir" value="/home/zero/code/git/springBootDemo"/>
    <property name="os.arch" value="amd64"/>
    <property name="java.vm.specification.name" value="Java Virtual Machine Specification"/>
    <property name="java.awt.printerjob" value="sun.print.PSPrinterJob"/>
    <property name="sun.os.patch.level" value="unknown"/>
    <property name="java.library.path" value="/usr/java/packages/lib:/usr/lib64:/lib64:/lib:/usr/lib"/>
    <property name="java.vendor" value="Oracle Corporation"/>
    <property name="java.vm.info" value="mixed mode"/>
    <property name="java.vm.version" value="11+28"/>
    <property name="sun.io.unicode.encoding" value="UnicodeLittle"/>
    <property name="java.class.version" value="55.0"/>
  </properties>
  <testcase name="test" classname="com.zero.demo.SpringBootDemoApplicationTest" time="0.002">
    <error message="Failed to load ApplicationContext" type="java.lang.IllegalStateException">java.lang.IllegalStateException: Failed to load ApplicationContext
Caused by: org.springframework.beans.factory.BeanCreationException: Error creating bean with name 'org.springframework.kafka.config.internalKafkaListenerAnnotationProcessor': Instantiation of bean failed; nested exception is org.springframework.beans.BeanInstantiationException: Failed to instantiate [org.springframework.kafka.annotation.KafkaListenerAnnotationBeanPostProcessor]: Constructor threw exception; nested exception is java.lang.NoClassDefFoundError: org/springframework/core/log/LogAccessor
Caused by: org.springframework.beans.BeanInstantiationException: Failed to instantiate [org.springframework.kafka.annotation.KafkaListenerAnnotationBeanPostProcessor]: Constructor threw exception; nested exception is java.lang.NoClassDefFoundError: org/springframework/core/log/LogAccessor
Caused by: java.lang.NoClassDefFoundError: org/springframework/core/log/LogAccessor
Caused by: java.lang.ClassNotFoundException: org.springframework.core.log.LogAccessor
</error>
    <system-out><![CDATA[11:52:44.465 [main] DEBUG org.springframework.test.context.junit4.SpringJUnit4ClassRunner - SpringJUnit4ClassRunner constructor called with [class com.zero.demo.SpringBootDemoApplicationTest]
11:52:44.473 [main] DEBUG org.springframework.test.context.BootstrapUtils - Instantiating CacheAwareContextLoaderDelegate from class [org.springframework.test.context.cache.DefaultCacheAwareContextLoaderDelegate]
11:52:44.482 [main] DEBUG org.springframework.test.context.BootstrapUtils - Instantiating BootstrapContext using constructor [public org.springframework.test.context.support.DefaultBootstrapContext(java.lang.Class,org.springframework.test.context.CacheAwareContextLoaderDelegate)]
11:52:44.502 [main] DEBUG org.springframework.test.context.BootstrapUtils - Instantiating TestContextBootstrapper for test class [com.zero.demo.SpringBootDemoApplicationTest] from class [org.springframework.boot.test.context.SpringBootTestContextBootstrapper]
11:52:44.520 [main] INFO org.springframework.boot.test.context.SpringBootTestContextBootstrapper - Neither @ContextConfiguration nor @ContextHierarchy found for test class [com.zero.demo.SpringBootDemoApplicationTest], using SpringBootContextLoader
11:52:44.524 [main] DEBUG org.springframework.test.context.support.AbstractContextLoader - Did not detect default resource location for test class [com.zero.demo.SpringBootDemoApplicationTest]: class path resource [com/zero/demo/SpringBootDemoApplicationTest-context.xml] does not exist
11:52:44.525 [main] DEBUG org.springframework.test.context.support.AbstractContextLoader - Did not detect default resource location for test class [com.zero.demo.SpringBootDemoApplicationTest]: class path resource [com/zero/demo/SpringBootDemoApplicationTestContext.groovy] does not exist
11:52:44.525 [main] INFO org.springframework.test.context.support.AbstractContextLoader - Could not detect default resource locations for test class [com.zero.demo.SpringBootDemoApplicationTest]: no resource found for suffixes {-context.xml, Context.groovy}.
11:52:44.526 [main] INFO org.springframework.test.context.support.AnnotationConfigContextLoaderUtils - Could not detect default configuration classes for test class [com.zero.demo.SpringBootDemoApplicationTest]: SpringBootDemoApplicationTest does not declare any static, non-private, non-final, nested classes annotated with @Configuration.
11:52:44.588 [main] DEBUG org.springframework.test.context.support.ActiveProfilesUtils - Could not find an 'annotation declaring class' for annotation type [org.springframework.test.context.ActiveProfiles] and class [com.zero.demo.SpringBootDemoApplicationTest]
11:52:44.681 [main] DEBUG org.springframework.context.annotation.ClassPathScanningCandidateComponentProvider - Identified candidate component class: file [/home/zero/code/git/springBootDemo/target/classes/com/zero/demo/SpringBootDemoApplication.class]
11:52:44.682 [main] INFO org.springframework.boot.test.context.SpringBootTestContextBootstrapper - Found @SpringBootConfiguration com.zero.demo.SpringBootDemoApplication for test class com.zero.demo.SpringBootDemoApplicationTest
11:52:44.797 [main] DEBUG org.springframework.boot.test.context.SpringBootTestContextBootstrapper - @TestExecutionListeners is not present for class [com.zero.demo.SpringBootDemoApplicationTest]: using defaults.
11:52:44.798 [main] INFO org.springframework.boot.test.context.SpringBootTestContextBootstrapper - Loaded default TestExecutionListener class names from location [META-INF/spring.factories]: [org.springframework.boot.test.mock.mockito.MockitoTestExecutionListener, org.springframework.boot.test.mock.mockito.ResetMocksTestExecutionListener, org.springframework.boot.test.autoconfigure.restdocs.RestDocsTestExecutionListener, org.springframework.boot.test.autoconfigure.web.client.MockRestServiceServerResetTestExecutionListener, org.springframework.boot.test.autoconfigure.web.servlet.MockMvcPrintOnlyOnFailureTestExecutionListener, org.springframework.boot.test.autoconfigure.web.servlet.WebDriverTestExecutionListener, org.springframework.test.context.web.ServletTestExecutionListener, org.springframework.test.context.support.DirtiesContextBeforeModesTestExecutionListener, org.springframework.test.context.support.DependencyInjectionTestExecutionListener, org.springframework.test.context.support.DirtiesContextTestExecutionListener, org.springframework.test.context.transaction.TransactionalTestExecutionListener, org.springframework.test.context.jdbc.SqlScriptsTestExecutionListener]
11:52:44.822 [main] INFO org.springframework.boot.test.context.SpringBootTestContextBootstrapper - Using TestExecutionListeners: [org.springframework.test.context.web.ServletTestExecutionListener@7e19ebf0, org.springframework.test.context.support.DirtiesContextBeforeModesTestExecutionListener@2474f125, org.springframework.boot.test.mock.mockito.MockitoTestExecutionListener@7357a011, org.springframework.boot.test.autoconfigure.SpringBootDependencyInjectionTestExecutionListener@3406472c, org.springframework.test.context.support.DirtiesContextTestExecutionListener@5717c37, org.springframework.test.context.transaction.TransactionalTestExecutionListener@68f4865, org.springframework.test.context.jdbc.SqlScriptsTestExecutionListener@4816278d, org.springframework.boot.test.mock.mockito.ResetMocksTestExecutionListener@4eaf3684, org.springframework.boot.test.autoconfigure.restdocs.RestDocsTestExecutionListener@40317ba2, org.springframework.boot.test.autoconfigure.web.client.MockRestServiceServerResetTestExecutionListener@3c01cfa1, org.springframework.boot.test.autoconfigure.web.servlet.MockMvcPrintOnlyOnFailureTestExecutionListener@45d2ade3, org.springframework.boot.test.autoconfigure.web.servlet.WebDriverTestExecutionListener@727eb8cb]
11:52:44.824 [main] DEBUG org.springframework.test.annotation.ProfileValueUtils - Retrieved @ProfileValueSourceConfiguration [null] for test class [com.zero.demo.SpringBootDemoApplicationTest]
11:52:44.825 [main] DEBUG org.springframework.test.annotation.ProfileValueUtils - Retrieved ProfileValueSource type [class org.springframework.test.annotation.SystemProfileValueSource] for class [com.zero.demo.SpringBootDemoApplicationTest]
11:52:44.827 [main] DEBUG org.springframework.test.annotation.ProfileValueUtils - Retrieved @ProfileValueSourceConfiguration [null] for test class [com.zero.demo.SpringBootDemoApplicationTest]
11:52:44.827 [main] DEBUG org.springframework.test.annotation.ProfileValueUtils - Retrieved ProfileValueSource type [class org.springframework.test.annotation.SystemProfileValueSource] for class [com.zero.demo.SpringBootDemoApplicationTest]
11:52:44.828 [main] DEBUG org.springframework.test.annotation.ProfileValueUtils - Retrieved @ProfileValueSourceConfiguration [null] for test class [com.zero.demo.SpringBootDemoApplicationTest]
11:52:44.829 [main] DEBUG org.springframework.test.annotation.ProfileValueUtils - Retrieved ProfileValueSource type [class org.springframework.test.annotation.SystemProfileValueSource] for class [com.zero.demo.SpringBootDemoApplicationTest]
11:52:44.834 [main] DEBUG org.springframework.test.context.support.AbstractDirtiesContextTestExecutionListener - Before test class: context [DefaultTestContext@71e693fa testClass = SpringBootDemoApplicationTest, testInstance = [null], testMethod = [null], testException = [null], mergedContextConfiguration = [WebMergedContextConfiguration@48793bef testClass = SpringBootDemoApplicationTest, locations = '{}', classes = '{class com.zero.demo.SpringBootDemoApplication}', contextInitializerClasses = '[]', activeProfiles = '{}', propertySourceLocations = '{}', propertySourceProperties = '{org.springframework.boot.test.context.SpringBootTestContextBootstrapper=true}', contextCustomizers = set[org.springframework.boot.test.context.filter.ExcludeFilterContextCustomizer@1fb700ee, org.springframework.boot.test.json.DuplicateJsonObjectContextCustomizerFactory$DuplicateJsonObjectContextCustomizer@5f683daf, org.springframework.boot.test.mock.mockito.MockitoContextCustomizer@0, org.springframework.boot.test.web.client.TestRestTemplateContextCustomizer@13b13b5d, org.springframework.boot.test.autoconfigure.properties.PropertyMappingContextCustomizer@0, org.springframework.boot.test.autoconfigure.web.servlet.WebDriverContextCustomizerFactory$Customizer@3a6bb9bf], resourceBasePath = 'src/main/webapp', contextLoader = 'org.springframework.boot.test.context.SpringBootContextLoader', parent = [null]], attributes = map['org.springframework.test.context.web.ServletTestExecutionListener.activateListener' -> true]], class annotated with @DirtiesContext [false] with mode [null].
11:52:44.835 [main] DEBUG org.springframework.test.annotation.ProfileValueUtils - Retrieved @ProfileValueSourceConfiguration [null] for test class [com.zero.demo.SpringBootDemoApplicationTest]
11:52:44.835 [main] DEBUG org.springframework.test.annotation.ProfileValueUtils - Retrieved ProfileValueSource type [class org.springframework.test.annotation.SystemProfileValueSource] for class [com.zero.demo.SpringBootDemoApplicationTest]
11:52:44.861 [main] DEBUG org.springframework.test.context.support.TestPropertySourceUtils - Adding inlined properties to environment: {spring.jmx.enabled=false, org.springframework.boot.test.context.SpringBootTestContextBootstrapper=true, server.port=-1}

  .   ____          _            __ _ _
 /\\ / ___'_ __ _ _(_)_ __  __ _ \ \ \ \
( ( )\___ | '_ | '_| | '_ \/ _` | \ \ \ \
 \\/  ___)| |_)| | | | | || (_| |  ) ) ) )
  '  |____| .__|_| |_|_| |_\__, | / / / /
 =========|_|==============|___/=/_/_/_/
 :: Spring Boot ::        (v2.1.9.RELEASE)

2020-04-23 11:52:45.484 [main] INFO  com.zero.demo.SpringBootDemoApplicationTest - Starting SpringBootDemoApplicationTest on zero with PID 6704 (started by zero in /home/zero/code/git/springBootDemo)
2020-04-23 11:52:45.486 [main] INFO  com.zero.demo.SpringBootDemoApplicationTest - No active profile set, falling back to default profiles: default
2020-04-23 11:52:46.795 [main] WARN  o.s.w.context.support.GenericWebApplicationContext - Exception encountered during context initialization - cancelling refresh attempt: org.springframework.beans.factory.BeanCreationException: Error creating bean with name 'org.springframework.kafka.config.internalKafkaListenerAnnotationProcessor': Instantiation of bean failed; nested exception is org.springframework.beans.BeanInstantiationException: Failed to instantiate [org.springframework.kafka.annotation.KafkaListenerAnnotationBeanPostProcessor]: Constructor threw exception; nested exception is java.lang.NoClassDefFoundError: org/springframework/core/log/LogAccessor
2020-04-23 11:52:46.808 [main] INFO  o.s.b.a.l.ConditionEvaluationReportLoggingListener - 

Error starting ApplicationContext. To display the conditions report re-run your application with 'debug' enabled.
2020-04-23 11:52:46.814 [main] ERROR org.springframework.boot.SpringApplication - Application run failed
org.springframework.beans.factory.BeanCreationException: Error creating bean with name 'org.springframework.kafka.config.internalKafkaListenerAnnotationProcessor': Instantiation of bean failed; nested exception is org.springframework.beans.BeanInstantiationException: Failed to instantiate [org.springframework.kafka.annotation.KafkaListenerAnnotationBeanPostProcessor]: Constructor threw exception; nested exception is java.lang.NoClassDefFoundError: org/springframework/core/log/LogAccessor
	at org.springframework.beans.factory.support.AbstractAutowireCapableBeanFactory.instantiateBean(AbstractAutowireCapableBeanFactory.java:1303)
	at org.springframework.beans.factory.support.AbstractAutowireCapableBeanFactory.createBeanInstance(AbstractAutowireCapableBeanFactory.java:1197)
	at org.springframework.beans.factory.support.AbstractAutowireCapableBeanFactory.doCreateBean(AbstractAutowireCapableBeanFactory.java:555)
	at org.springframework.beans.factory.support.AbstractAutowireCapableBeanFactory.createBean(AbstractAutowireCapableBeanFactory.java:515)
	at org.springframework.beans.factory.support.AbstractBeanFactory.lambda$doGetBean$0(AbstractBeanFactory.java:320)
	at org.springframework.beans.factory.support.DefaultSingletonBeanRegistry.getSingleton(DefaultSingletonBeanRegistry.java:222)
	at org.springframework.beans.factory.support.AbstractBeanFactory.doGetBean(AbstractBeanFactory.java:318)
	at org.springframework.beans.factory.support.AbstractBeanFactory.getBean(AbstractBeanFactory.java:204)
	at org.springframework.context.support.PostProcessorRegistrationDelegate.registerBeanPostProcessors(PostProcessorRegistrationDelegate.java:228)
	at org.springframework.context.support.AbstractApplicationContext.registerBeanPostProcessors(AbstractApplicationContext.java:721)
	at org.springframework.context.support.AbstractApplicationContext.refresh(AbstractApplicationContext.java:534)
	at org.springframework.boot.SpringApplication.refresh(SpringApplication.java:744)
	at org.springframework.boot.SpringApplication.refreshContext(SpringApplication.java:391)
	at org.springframework.boot.SpringApplication.run(SpringApplication.java:312)
	at org.springframework.boot.test.context.SpringBootContextLoader.loadContext(SpringBootContextLoader.java:120)
	at org.springframework.test.context.cache.DefaultCacheAwareContextLoaderDelegate.loadContextInternal(DefaultCacheAwareContextLoaderDelegate.java:99)
	at org.springframework.test.context.cache.DefaultCacheAwareContextLoaderDelegate.loadContext(DefaultCacheAwareContextLoaderDelegate.java:117)
	at org.springframework.test.context.support.DefaultTestContext.getApplicationContext(DefaultTestContext.java:108)
	at org.springframework.test.context.web.ServletTestExecutionListener.setUpRequestContextIfNecessary(ServletTestExecutionListener.java:190)
	at org.springframework.test.context.web.ServletTestExecutionListener.prepareTestInstance(ServletTestExecutionListener.java:132)
	at org.springframework.test.context.TestContextManager.prepareTestInstance(TestContextManager.java:246)
	at org.springframework.test.context.junit4.SpringJUnit4ClassRunner.createTest(SpringJUnit4ClassRunner.java:227)
	at org.springframework.test.context.junit4.SpringJUnit4ClassRunner$1.runReflectiveCall(SpringJUnit4ClassRunner.java:289)
	at org.junit.internal.runners.model.ReflectiveCallable.run(ReflectiveCallable.java:12)
	at org.springframework.test.context.junit4.SpringJUnit4ClassRunner.methodBlock(SpringJUnit4ClassRunner.java:291)
	at org.springframework.test.context.junit4.SpringJUnit4ClassRunner.runChild(SpringJUnit4ClassRunner.java:246)
	at org.springframework.test.context.junit4.SpringJUnit4ClassRunner.runChild(SpringJUnit4ClassRunner.java:97)
	at org.junit.runners.ParentRunner$3.run(ParentRunner.java:290)
	at org.junit.runners.ParentRunner$1.schedule(ParentRunner.java:71)
	at org.junit.runners.ParentRunner.runChildren(ParentRunner.java:288)
	at org.junit.runners.ParentRunner.access$000(ParentRunner.java:58)
	at org.junit.runners.ParentRunner$2.evaluate(ParentRunner.java:268)
	at org.springframework.test.context.junit4.statements.RunBeforeTestClassCallbacks.evaluate(RunBeforeTestClassCallbacks.java:61)
	at org.springframework.test.context.junit4.statements.RunAfterTestClassCallbacks.evaluate(RunAfterTestClassCallbacks.java:70)
	at org.junit.runners.ParentRunner.run(ParentRunner.java:363)
	at org.springframework.test.context.junit4.SpringJUnit4ClassRunner.run(SpringJUnit4ClassRunner.java:190)
	at org.apache.maven.surefire.junit4.JUnit4Provider.execute(JUnit4Provider.java:365)
	at org.apache.maven.surefire.junit4.JUnit4Provider.executeWithRerun(JUnit4Provider.java:273)
	at org.apache.maven.surefire.junit4.JUnit4Provider.executeTestSet(JUnit4Provider.java:238)
	at org.apache.maven.surefire.junit4.JUnit4Provider.invoke(JUnit4Provider.java:159)
	at org.apache.maven.surefire.booter.ForkedBooter.invokeProviderInSameClassLoader(ForkedBooter.java:384)
	at org.apache.maven.surefire.booter.ForkedBooter.runSuitesInProcess(ForkedBooter.java:345)
	at org.apache.maven.surefire.booter.ForkedBooter.execute(ForkedBooter.java:126)
	at org.apache.maven.surefire.booter.ForkedBooter.main(ForkedBooter.java:418)
Caused by: org.springframework.beans.BeanInstantiationException: Failed to instantiate [org.springframework.kafka.annotation.KafkaListenerAnnotationBeanPostProcessor]: Constructor threw exception; nested exception is java.lang.NoClassDefFoundError: org/springframework/core/log/LogAccessor
	at org.springframework.beans.BeanUtils.instantiateClass(BeanUtils.java:184)
	at org.springframework.beans.factory.support.SimpleInstantiationStrategy.instantiate(SimpleInstantiationStrategy.java:87)
	at org.springframework.beans.factory.support.AbstractAutowireCapableBeanFactory.instantiateBean(AbstractAutowireCapableBeanFactory.java:1295)
	... 43 common frames omitted
Caused by: java.lang.NoClassDefFoundError: org/springframework/core/log/LogAccessor
	at org.springframework.kafka.annotation.KafkaListenerAnnotationBeanPostProcessor.<init>(KafkaListenerAnnotationBeanPostProcessor.java:139)
	at java.base/jdk.internal.reflect.NativeConstructorAccessorImpl.newInstance0(Native Method)
	at java.base/jdk.internal.reflect.NativeConstructorAccessorImpl.newInstance(NativeConstructorAccessorImpl.java:62)
	at java.base/jdk.internal.reflect.DelegatingConstructorAccessorImpl.newInstance(DelegatingConstructorAccessorImpl.java:45)
	at java.base/java.lang.reflect.Constructor.newInstance(Constructor.java:490)
	at org.springframework.beans.BeanUtils.instantiateClass(BeanUtils.java:172)
	... 45 common frames omitted
Caused by: java.lang.ClassNotFoundException: org.springframework.core.log.LogAccessor
	at java.base/jdk.internal.loader.BuiltinClassLoader.loadClass(BuiltinClassLoader.java:582)
	at java.base/jdk.internal.loader.ClassLoaders$AppClassLoader.loadClass(ClassLoaders.java:178)
	at java.base/java.lang.ClassLoader.loadClass(ClassLoader.java:521)
	... 51 common frames omitted
2020-04-23 11:52:46.817 [main] ERROR o.springframework.test.context.TestContextManager - Caught exception while allowing TestExecutionListener [org.springframework.test.context.web.ServletTestExecutionListener@7e19ebf0] to prepare test instance [com.zero.demo.SpringBootDemoApplicationTest@5bc28f40]
java.lang.IllegalStateException: Failed to load ApplicationContext
	at org.springframework.test.context.cache.DefaultCacheAwareContextLoaderDelegate.loadContext(DefaultCacheAwareContextLoaderDelegate.java:125)
	at org.springframework.test.context.support.DefaultTestContext.getApplicationContext(DefaultTestContext.java:108)
	at org.springframework.test.context.web.ServletTestExecutionListener.setUpRequestContextIfNecessary(ServletTestExecutionListener.java:190)
	at org.springframework.test.context.web.ServletTestExecutionListener.prepareTestInstance(ServletTestExecutionListener.java:132)
	at org.springframework.test.context.TestContextManager.prepareTestInstance(TestContextManager.java:246)
	at org.springframework.test.context.junit4.SpringJUnit4ClassRunner.createTest(SpringJUnit4ClassRunner.java:227)
	at org.springframework.test.context.junit4.SpringJUnit4ClassRunner$1.runReflectiveCall(SpringJUnit4ClassRunner.java:289)
	at org.junit.internal.runners.model.ReflectiveCallable.run(ReflectiveCallable.java:12)
	at org.springframework.test.context.junit4.SpringJUnit4ClassRunner.methodBlock(SpringJUnit4ClassRunner.java:291)
	at org.springframework.test.context.junit4.SpringJUnit4ClassRunner.runChild(SpringJUnit4ClassRunner.java:246)
	at org.springframework.test.context.junit4.SpringJUnit4ClassRunner.runChild(SpringJUnit4ClassRunner.java:97)
	at org.junit.runners.ParentRunner$3.run(ParentRunner.java:290)
	at org.junit.runners.ParentRunner$1.schedule(ParentRunner.java:71)
	at org.junit.runners.ParentRunner.runChildren(ParentRunner.java:288)
	at org.junit.runners.ParentRunner.access$000(ParentRunner.java:58)
	at org.junit.runners.ParentRunner$2.evaluate(ParentRunner.java:268)
	at org.springframework.test.context.junit4.statements.RunBeforeTestClassCallbacks.evaluate(RunBeforeTestClassCallbacks.java:61)
	at org.springframework.test.context.junit4.statements.RunAfterTestClassCallbacks.evaluate(RunAfterTestClassCallbacks.java:70)
	at org.junit.runners.ParentRunner.run(ParentRunner.java:363)
	at org.springframework.test.context.junit4.SpringJUnit4ClassRunner.run(SpringJUnit4ClassRunner.java:190)
	at org.apache.maven.surefire.junit4.JUnit4Provider.execute(JUnit4Provider.java:365)
	at org.apache.maven.surefire.junit4.JUnit4Provider.executeWithRerun(JUnit4Provider.java:273)
	at org.apache.maven.surefire.junit4.JUnit4Provider.executeTestSet(JUnit4Provider.java:238)
	at org.apache.maven.surefire.junit4.JUnit4Provider.invoke(JUnit4Provider.java:159)
	at org.apache.maven.surefire.booter.ForkedBooter.invokeProviderInSameClassLoader(ForkedBooter.java:384)
	at org.apache.maven.surefire.booter.ForkedBooter.runSuitesInProcess(ForkedBooter.java:345)
	at org.apache.maven.surefire.booter.ForkedBooter.execute(ForkedBooter.java:126)
	at org.apache.maven.surefire.booter.ForkedBooter.main(ForkedBooter.java:418)
Caused by: org.springframework.beans.factory.BeanCreationException: Error creating bean with name 'org.springframework.kafka.config.internalKafkaListenerAnnotationProcessor': Instantiation of bean failed; nested exception is org.springframework.beans.BeanInstantiationException: Failed to instantiate [org.springframework.kafka.annotation.KafkaListenerAnnotationBeanPostProcessor]: Constructor threw exception; nested exception is java.lang.NoClassDefFoundError: org/springframework/core/log/LogAccessor
	at org.springframework.beans.factory.support.AbstractAutowireCapableBeanFactory.instantiateBean(AbstractAutowireCapableBeanFactory.java:1303)
	at org.springframework.beans.factory.support.AbstractAutowireCapableBeanFactory.createBeanInstance(AbstractAutowireCapableBeanFactory.java:1197)
	at org.springframework.beans.factory.support.AbstractAutowireCapableBeanFactory.doCreateBean(AbstractAutowireCapableBeanFactory.java:555)
	at org.springframework.beans.factory.support.AbstractAutowireCapableBeanFactory.createBean(AbstractAutowireCapableBeanFactory.java:515)
	at org.springframework.beans.factory.support.AbstractBeanFactory.lambda$doGetBean$0(AbstractBeanFactory.java:320)
	at org.springframework.beans.factory.support.DefaultSingletonBeanRegistry.getSingleton(DefaultSingletonBeanRegistry.java:222)
	at org.springframework.beans.factory.support.AbstractBeanFactory.doGetBean(AbstractBeanFactory.java:318)
	at org.springframework.beans.factory.support.AbstractBeanFactory.getBean(AbstractBeanFactory.java:204)
	at org.springframework.context.support.PostProcessorRegistrationDelegate.registerBeanPostProcessors(PostProcessorRegistrationDelegate.java:228)
	at org.springframework.context.support.AbstractApplicationContext.registerBeanPostProcessors(AbstractApplicationContext.java:721)
	at org.springframework.context.support.AbstractApplicationContext.refresh(AbstractApplicationContext.java:534)
	at org.springframework.boot.SpringApplication.refresh(SpringApplication.java:744)
	at org.springframework.boot.SpringApplication.refreshContext(SpringApplication.java:391)
	at org.springframework.boot.SpringApplication.run(SpringApplication.java:312)
	at org.springframework.boot.test.context.SpringBootContextLoader.loadContext(SpringBootContextLoader.java:120)
	at org.springframework.test.context.cache.DefaultCacheAwareContextLoaderDelegate.loadContextInternal(DefaultCacheAwareContextLoaderDelegate.java:99)
	at org.springframework.test.context.cache.DefaultCacheAwareContextLoaderDelegate.loadContext(DefaultCacheAwareContextLoaderDelegate.java:117)
	... 27 common frames omitted
Caused by: org.springframework.beans.BeanInstantiationException: Failed to instantiate [org.springframework.kafka.annotation.KafkaListenerAnnotationBeanPostProcessor]: Constructor threw exception; nested exception is java.lang.NoClassDefFoundError: org/springframework/core/log/LogAccessor
	at org.springframework.beans.BeanUtils.instantiateClass(BeanUtils.java:184)
	at org.springframework.beans.factory.support.SimpleInstantiationStrategy.instantiate(SimpleInstantiationStrategy.java:87)
	at org.springframework.beans.factory.support.AbstractAutowireCapableBeanFactory.instantiateBean(AbstractAutowireCapableBeanFactory.java:1295)
	... 43 common frames omitted
Caused by: java.lang.NoClassDefFoundError: org/springframework/core/log/LogAccessor
	at org.springframework.kafka.annotation.KafkaListenerAnnotationBeanPostProcessor.<init>(KafkaListenerAnnotationBeanPostProcessor.java:139)
	at java.base/jdk.internal.reflect.NativeConstructorAccessorImpl.newInstance0(Native Method)
	at java.base/jdk.internal.reflect.NativeConstructorAccessorImpl.newInstance(NativeConstructorAccessorImpl.java:62)
	at java.base/jdk.internal.reflect.DelegatingConstructorAccessorImpl.newInstance(DelegatingConstructorAccessorImpl.java:45)
	at java.base/java.lang.reflect.Constructor.newInstance(Constructor.java:490)
	at org.springframework.beans.BeanUtils.instantiateClass(BeanUtils.java:172)
	... 45 common frames omitted
Caused by: java.lang.ClassNotFoundException: org.springframework.core.log.LogAccessor
	at java.base/jdk.internal.loader.BuiltinClassLoader.loadClass(BuiltinClassLoader.java:582)
	at java.base/jdk.internal.loader.ClassLoaders$AppClassLoader.loadClass(ClassLoaders.java:178)
	at java.base/java.lang.ClassLoader.loadClass(ClassLoader.java:521)
	... 51 common frames omitted
]]></system-out>
  </testcase>
</testsuite>